{"/Users/pujanmaharjan/Desktop/NuxtVuePro/task-dashboard/components/ConfirmModal.vue": {"path":"/Users/pujanmaharjan/Desktop/NuxtVuePro/task-dashboard/components/ConfirmModal.vue","statementMap":{"0":{"start":{"line":2,"column":14},"end":{"line":2,"column":null}},"1":{"start":{"line":10,"column":13},"end":{"line":10,"column":null}},"2":{"start":{"line":16,"column":22},"end":{"line":20,"column":null}},"3":{"start":{"line":17,"column":2},"end":{"line":19,"column":null}},"4":{"start":{"line":18,"column":4},"end":{"line":18,"column":null}},"5":{"start":{"line":22,"column":0},"end":{"line":24,"column":null}},"6":{"start":{"line":23,"column":2},"end":{"line":23,"column":null}},"7":{"start":{"line":26,"column":0},"end":{"line":28,"column":null}},"8":{"start":{"line":27,"column":2},"end":{"line":27,"column":null}},"9":{"start":{"line":36,"column":15},"end":{"line":36,"column":null}},"10":{"start":{"line":37,"column":16},"end":{"line":37,"column":39}},"11":{"start":{"line":40,"column":15},"end":{"line":40,"column":null}},"12":{"start":{"line":44,"column":15},"end":{"line":44,"column":null}},"13":{"start":{"line":32,"column":2},"end":{"line":57,"column":null}},"14":{"start":{"line":61,"column":12},"end":{"line":57,"column":null}},"15":{"start":{"line":34,"column":53},"end":{"line":34,"column":null}},"16":{"start":{"line":46,"column":22},"end":{"line":46,"column":null}},"17":{"start":{"line":53,"column":22},"end":{"line":53,"column":null}}},"fnMap":{"0":{"name":"(anonymous_0)","decl":{"start":{"line":16,"column":22},"end":{"line":16,"column":23}},"loc":{"start":{"line":16,"column":48},"end":{"line":20,"column":null}},"line":16},"1":{"name":"(anonymous_1)","decl":{"start":{"line":22,"column":10},"end":{"line":22,"column":16}},"loc":{"start":{"line":22,"column":16},"end":{"line":24,"column":1}},"line":22},"2":{"name":"(anonymous_2)","decl":{"start":{"line":26,"column":12},"end":{"line":26,"column":18}},"loc":{"start":{"line":26,"column":18},"end":{"line":28,"column":1}},"line":26},"3":{"name":"(anonymous_3)","decl":{"start":{"line":34,"column":6},"end":{"line":34,"column":17}},"loc":{"start":{"line":61,"column":12},"end":{"line":57,"column":null}},"line":61},"4":{"name":"(anonymous_4)","decl":{"start":{"line":34,"column":51},"end":{"line":34,"column":53}},"loc":{"start":{"line":34,"column":53},"end":{"line":34,"column":null}},"line":34},"5":{"name":"(anonymous_5)","decl":{"start":{"line":35,"column":37},"end":{"line":35,"column":38}},"loc":{"start":{"line":35,"column":37},"end":{"line":35,"column":38}},"line":35},"6":{"name":"(anonymous_6)","decl":{"start":{"line":46,"column":20},"end":{"line":46,"column":22}},"loc":{"start":{"line":46,"column":22},"end":{"line":46,"column":null}},"line":46},"7":{"name":"(anonymous_7)","decl":{"start":{"line":53,"column":20},"end":{"line":53,"column":22}},"loc":{"start":{"line":53,"column":22},"end":{"line":53,"column":null}},"line":53}},"branchMap":{"0":{"loc":{"start":{"line":17,"column":2},"end":{"line":19,"column":null}},"type":"if","locations":[{"start":{"line":17,"column":2},"end":{"line":19,"column":null}},{"start":{},"end":{}}],"line":17},"1":{"loc":{"start":{"line":17,"column":6},"end":{"line":17,"column":44}},"type":"binary-expr","locations":[{"start":{"line":17,"column":6},"end":{"line":17,"column":32}},{"start":{"line":17,"column":32},"end":{"line":17,"column":44}}],"line":17},"2":{"loc":{"start":{"line":34,"column":17},"end":{"line":57,"column":null}},"type":"cond-expr","locations":[{"start":{"line":34,"column":17},"end":{"line":57,"column":null}}],"line":34},"3":{"loc":{"start":{"line":34,"column":51},"end":{"line":34,"column":null}},"type":"binary-expr","locations":[{"start":{"line":34,"column":51},"end":{"line":34,"column":53}},{"start":{"line":34,"column":51},"end":{"line":34,"column":null}}],"line":34},"4":{"loc":{"start":{"line":35,"column":43},"end":{"line":35,"column":null}},"type":"binary-expr","locations":[{"start":{"line":35,"column":43},"end":{"line":35,"column":48}},{"start":{"line":35,"column":43},"end":{"line":35,"column":null}}],"line":35},"5":{"loc":{"start":{"line":46,"column":20},"end":{"line":46,"column":null}},"type":"binary-expr","locations":[{"start":{"line":46,"column":20},"end":{"line":46,"column":22}},{"start":{"line":46,"column":20},"end":{"line":46,"column":null}}],"line":46},"6":{"loc":{"start":{"line":50,"column":17},"end":{"line":50,"column":null}},"type":"binary-expr","locations":[{"start":{"line":50,"column":17},"end":{"line":50,"column":27}},{"start":{"line":50,"column":27},"end":{"line":50,"column":null}}],"line":50},"7":{"loc":{"start":{"line":53,"column":20},"end":{"line":53,"column":null}},"type":"binary-expr","locations":[{"start":{"line":53,"column":20},"end":{"line":53,"column":22}},{"start":{"line":53,"column":20},"end":{"line":53,"column":null}}],"line":53},"8":{"loc":{"start":{"line":57,"column":17},"end":{"line":57,"column":null}},"type":"binary-expr","locations":[{"start":{"line":57,"column":17},"end":{"line":57,"column":28}},{"start":{"line":57,"column":28},"end":{"line":57,"column":null}}],"line":57}},"s":{"0":18,"1":18,"2":18,"3":0,"4":0,"5":18,"6":18,"7":18,"8":0,"9":2,"10":2,"11":2,"12":2,"13":19,"14":19,"15":1,"16":1,"17":1},"f":{"0":0,"1":18,"2":0,"3":19,"4":1,"5":2,"6":1,"7":1},"b":{"0":[0,0],"1":[0,0],"2":[7],"3":[7,7],"4":[7,7],"5":[7,7],"6":[7,5],"7":[7,7],"8":[7,5]},"meta":{"lastBranch":0,"lastFunction":0,"lastStatement":0,"seen":{}}}
,"/Users/pujanmaharjan/Desktop/NuxtVuePro/task-dashboard/components/ProgressBar.vue": {"path":"/Users/pujanmaharjan/Desktop/NuxtVuePro/task-dashboard/components/ProgressBar.vue","statementMap":{"0":{"start":{"line":8,"column":7},"end":{"line":8,"column":null}},"1":{"start":{"line":9,"column":9},"end":{"line":9,"column":null}},"2":{"start":{"line":11,"column":12},"end":{"line":11,"column":43}},"3":{"start":{"line":13,"column":9},"end":{"line":13,"column":null}},"4":{"start":{"line":8,"column":2},"end":{"line":20,"column":null}}},"fnMap":{},"branchMap":{"0":{"loc":{"start":{"line":12,"column":10},"end":{"line":10,"column":61}},"type":"binary-expr","locations":[{"start":{"line":12,"column":10},"end":{"line":12,"column":null}},{"start":{"line":12,"column":10},"end":{"line":10,"column":61}}],"line":12}},"s":{"0":1,"1":1,"2":1,"3":1,"4":5},"f":{},"b":{"0":[5,5]},"meta":{"lastBranch":0,"lastFunction":0,"lastStatement":0,"seen":{}}}
,"/Users/pujanmaharjan/Desktop/NuxtVuePro/task-dashboard/components/SummaryCard.vue": {"path":"/Users/pujanmaharjan/Desktop/NuxtVuePro/task-dashboard/components/SummaryCard.vue","statementMap":{"0":{"start":{"line":11,"column":8},"end":{"line":11,"column":30}},"1":{"start":{"line":12,"column":7},"end":{"line":12,"column":29}},"2":{"start":{"line":10,"column":2},"end":{"line":12,"column":41}}},"fnMap":{},"branchMap":{},"s":{"0":1,"1":1,"2":4},"f":{},"b":{},"meta":{"lastBranch":0,"lastFunction":0,"lastStatement":3,"seen":{"s:11:8:11:30":0,"s:12:7:12:29":1,"s:10:2:12:41":2}}}
,"/Users/pujanmaharjan/Desktop/NuxtVuePro/task-dashboard/components/TaskFilter.vue": {"path":"/Users/pujanmaharjan/Desktop/NuxtVuePro/task-dashboard/components/TaskFilter.vue","statementMap":{"0":{"start":{"line":4,"column":14},"end":{"line":4,"column":null}},"1":{"start":{"line":11,"column":13},"end":{"line":11,"column":null}},"2":{"start":{"line":15,"column":16},"end":{"line":19,"column":null}},"3":{"start":{"line":15,"column":31},"end":{"line":19,"column":1}},"4":{"start":{"line":21,"column":21},"end":{"line":23,"column":null}},"5":{"start":{"line":22,"column":2},"end":{"line":22,"column":null}},"6":{"start":{"line":27,"column":7},"end":{"line":27,"column":null}},"7":{"start":{"line":37,"column":12},"end":{"line":37,"column":36}},"8":{"start":{"line":38,"column":12},"end":{"line":38,"column":36}},"9":{"start":{"line":27,"column":2},"end":{"line":38,"column":58}},"10":{"start":{"line":28,"column":4},"end":{"line":38,"column":58}},"11":{"start":{"line":31,"column":14},"end":{"line":31,"column":null}}},"fnMap":{"0":{"name":"(anonymous_0)","decl":{"start":{"line":15,"column":25},"end":{"line":15,"column":31}},"loc":{"start":{"line":15,"column":31},"end":{"line":19,"column":1}},"line":15},"1":{"name":"(anonymous_1)","decl":{"start":{"line":21,"column":21},"end":{"line":21,"column":22}},"loc":{"start":{"line":21,"column":45},"end":{"line":23,"column":null}},"line":21},"2":{"name":"(anonymous_2)","decl":{"start":{"line":29,"column":30},"end":{"line":29,"column":null}},"loc":{"start":{"line":29,"column":19},"end":{"line":38,"column":58}},"line":29},"3":{"name":"(anonymous_3)","decl":{"start":{"line":31,"column":12},"end":{"line":31,"column":14}},"loc":{"start":{"line":31,"column":14},"end":{"line":31,"column":null}},"line":31}},"branchMap":{},"s":{"0":7,"1":7,"2":7,"3":8,"4":7,"5":4,"6":1,"7":1,"8":1,"9":8,"10":24,"11":4},"f":{"0":8,"1":4,"2":24,"3":4},"b":{},"meta":{"lastBranch":0,"lastFunction":0,"lastStatement":0,"seen":{}}}
,"/Users/pujanmaharjan/Desktop/NuxtVuePro/task-dashboard/components/TaskInput.vue": {"path":"/Users/pujanmaharjan/Desktop/NuxtVuePro/task-dashboard/components/TaskInput.vue","statementMap":{"0":{"start":{"line":2,"column":13},"end":{"line":2,"column":null}},"1":{"start":{"line":6,"column":21},"end":{"line":6,"column":null}},"2":{"start":{"line":7,"column":14},"end":{"line":7,"column":null}},"3":{"start":{"line":9,"column":21},"end":{"line":20,"column":null}},"4":{"start":{"line":10,"column":16},"end":{"line":10,"column":null}},"5":{"start":{"line":12,"column":2},"end":{"line":15,"column":null}},"6":{"start":{"line":13,"column":4},"end":{"line":13,"column":null}},"7":{"start":{"line":14,"column":4},"end":{"line":14,"column":null}},"8":{"start":{"line":17,"column":2},"end":{"line":17,"column":null}},"9":{"start":{"line":18,"column":2},"end":{"line":18,"column":null}},"10":{"start":{"line":19,"column":2},"end":{"line":19,"column":null}},"11":{"start":{"line":22,"column":0},"end":{"line":26,"column":null}},"12":{"start":{"line":23,"column":2},"end":{"line":25,"column":null}},"13":{"start":{"line":24,"column":4},"end":{"line":24,"column":null}},"14":{"start":{"line":30,"column":7},"end":{"line":30,"column":null}},"15":{"start":{"line":31,"column":9},"end":{"line":31,"column":null}},"16":{"start":{"line":30,"column":2},"end":{"line":50,"column":59}},"17":{"start":{"line":33,"column":17},"end":{"line":33,"column":null}},"18":{"start":{"line":50,"column":59},"end":{"line":50,"column":59}}},"fnMap":{"0":{"name":"(anonymous_0)","decl":{"start":{"line":9,"column":21},"end":{"line":9,"column":27}},"loc":{"start":{"line":9,"column":27},"end":{"line":20,"column":null}},"line":9},"1":{"name":"(anonymous_1)","decl":{"start":{"line":22,"column":20},"end":{"line":22,"column":26}},"loc":{"start":{"line":22,"column":26},"end":{"line":26,"column":1}},"line":22},"2":{"name":"(anonymous_2)","decl":{"start":{"line":40,"column":8},"end":{"line":40,"column":null}},"loc":{"start":{"line":33,"column":17},"end":{"line":33,"column":null}},"line":33},"3":{"name":"(anonymous_3)","decl":{"start":{"line":50,"column":6},"end":{"line":50,"column":15}},"loc":{"start":{"line":50,"column":59},"end":{"line":50,"column":59}},"line":50}},"branchMap":{"0":{"loc":{"start":{"line":12,"column":2},"end":{"line":15,"column":null}},"type":"if","locations":[{"start":{"line":12,"column":2},"end":{"line":15,"column":null}},{"start":{},"end":{}}],"line":12},"1":{"loc":{"start":{"line":23,"column":2},"end":{"line":25,"column":null}},"type":"if","locations":[{"start":{"line":23,"column":2},"end":{"line":25,"column":null}},{"start":{},"end":{}}],"line":23},"2":{"loc":{"start":{"line":40,"column":8},"end":{"line":33,"column":null}},"type":"binary-expr","locations":[{"start":{"line":40,"column":8},"end":{"line":40,"column":null}},{"start":{"line":40,"column":8},"end":{"line":33,"column":null}}],"line":40},"3":{"loc":{"start":{"line":50,"column":15},"end":{"line":50,"column":59}},"type":"cond-expr","locations":[{"start":{"line":50,"column":15},"end":{"line":50,"column":59}},{"start":{"line":50,"column":52},"end":{"line":50,"column":59}}],"line":50}},"s":{"0":7,"1":7,"2":7,"3":7,"4":6,"5":6,"6":3,"7":3,"8":3,"9":3,"10":3,"11":7,"12":8,"13":1,"14":1,"15":1,"16":18,"17":5,"18":11},"f":{"0":6,"1":8,"2":5,"3":11},"b":{"0":[3,3],"1":[1,7],"2":[18,7],"3":[3,8]},"meta":{"lastBranch":0,"lastFunction":0,"lastStatement":0,"seen":{}}}
,"/Users/pujanmaharjan/Desktop/NuxtVuePro/task-dashboard/components/TaskItem.vue": {"path":"/Users/pujanmaharjan/Desktop/NuxtVuePro/task-dashboard/components/TaskItem.vue","statementMap":{"0":{"start":{"line":4,"column":14},"end":{"line":4,"column":null}},"1":{"start":{"line":8,"column":13},"end":{"line":8,"column":null}},"2":{"start":{"line":14,"column":18},"end":{"line":14,"column":null}},"3":{"start":{"line":15,"column":20},"end":{"line":15,"column":null}},"4":{"start":{"line":16,"column":26},"end":{"line":16,"column":null}},"5":{"start":{"line":18,"column":18},"end":{"line":28,"column":null}},"6":{"start":{"line":19,"column":2},"end":{"line":19,"column":null}},"7":{"start":{"line":20,"column":2},"end":{"line":20,"column":null}},"8":{"start":{"line":22,"column":2},"end":{"line":27,"column":null}},"9":{"start":{"line":23,"column":18},"end":{"line":23,"column":null}},"10":{"start":{"line":24,"column":4},"end":{"line":26,"column":null}},"11":{"start":{"line":25,"column":7},"end":{"line":25,"column":null}},"12":{"start":{"line":30,"column":17},"end":{"line":36,"column":null}},"13":{"start":{"line":31,"column":18},"end":{"line":31,"column":null}},"14":{"start":{"line":32,"column":2},"end":{"line":34,"column":null}},"15":{"start":{"line":33,"column":4},"end":{"line":33,"column":null}},"16":{"start":{"line":35,"column":2},"end":{"line":35,"column":null}},"17":{"start":{"line":38,"column":19},"end":{"line":41,"column":null}},"18":{"start":{"line":39,"column":2},"end":{"line":39,"column":null}},"19":{"start":{"line":40,"column":2},"end":{"line":40,"column":null}},"20":{"start":{"line":43,"column":22},"end":{"line":49,"column":null}},"21":{"start":{"line":44,"column":2},"end":{"line":48,"column":null}},"22":{"start":{"line":45,"column":4},"end":{"line":45,"column":null}},"23":{"start":{"line":46,"column":2},"end":{"line":48,"column":null}},"24":{"start":{"line":47,"column":4},"end":{"line":47,"column":null}},"25":{"start":{"line":51,"column":22},"end":{"line":53,"column":null}},"26":{"start":{"line":52,"column":2},"end":{"line":52,"column":null}},"27":{"start":{"line":55,"column":28},"end":{"line":58,"column":null}},"28":{"start":{"line":56,"column":2},"end":{"line":56,"column":null}},"29":{"start":{"line":57,"column":2},"end":{"line":57,"column":null}},"30":{"start":{"line":60,"column":27},"end":{"line":62,"column":null}},"31":{"start":{"line":61,"column":2},"end":{"line":61,"column":null}},"32":{"start":{"line":75,"column":12},"end":{"line":75,"column":34}},"33":{"start":{"line":90,"column":9},"end":{"line":90,"column":null}},"34":{"start":{"line":66,"column":2},"end":{"line":115,"column":null}},"35":{"start":{"line":71,"column":17},"end":{"line":71,"column":null}},"36":{"start":{"line":81,"column":17},"end":{"line":81,"column":null}}},"fnMap":{"0":{"name":"(anonymous_0)","decl":{"start":{"line":18,"column":18},"end":{"line":18,"column":24}},"loc":{"start":{"line":18,"column":24},"end":{"line":28,"column":null}},"line":18},"1":{"name":"(anonymous_1)","decl":{"start":{"line":22,"column":11},"end":{"line":22,"column":17}},"loc":{"start":{"line":22,"column":17},"end":{"line":27,"column":3}},"line":22},"2":{"name":"(anonymous_2)","decl":{"start":{"line":30,"column":17},"end":{"line":30,"column":23}},"loc":{"start":{"line":30,"column":23},"end":{"line":36,"column":null}},"line":30},"3":{"name":"(anonymous_3)","decl":{"start":{"line":38,"column":19},"end":{"line":38,"column":25}},"loc":{"start":{"line":38,"column":25},"end":{"line":41,"column":null}},"line":38},"4":{"name":"(anonymous_4)","decl":{"start":{"line":43,"column":22},"end":{"line":43,"column":23}},"loc":{"start":{"line":43,"column":48},"end":{"line":49,"column":null}},"line":43},"5":{"name":"(anonymous_5)","decl":{"start":{"line":51,"column":22},"end":{"line":51,"column":28}},"loc":{"start":{"line":51,"column":28},"end":{"line":53,"column":null}},"line":51},"6":{"name":"(anonymous_6)","decl":{"start":{"line":55,"column":28},"end":{"line":55,"column":34}},"loc":{"start":{"line":55,"column":34},"end":{"line":58,"column":null}},"line":55},"7":{"name":"(anonymous_7)","decl":{"start":{"line":60,"column":27},"end":{"line":60,"column":33}},"loc":{"start":{"line":60,"column":33},"end":{"line":62,"column":null}},"line":60},"8":{"name":"(anonymous_8)","decl":{"start":{"line":71,"column":15},"end":{"line":71,"column":17}},"loc":{"start":{"line":71,"column":17},"end":{"line":71,"column":null}},"line":71},"9":{"name":"(anonymous_9)","decl":{"start":{"line":80,"column":34},"end":{"line":80,"column":null}},"loc":{"start":{"line":81,"column":17},"end":{"line":81,"column":null}},"line":81}},"branchMap":{"0":{"loc":{"start":{"line":24,"column":4},"end":{"line":26,"column":null}},"type":"if","locations":[{"start":{"line":24,"column":4},"end":{"line":26,"column":null}},{"start":{},"end":{}}],"line":24},"1":{"loc":{"start":{"line":32,"column":2},"end":{"line":34,"column":null}},"type":"if","locations":[{"start":{"line":32,"column":2},"end":{"line":34,"column":null}},{"start":{},"end":{}}],"line":32},"2":{"loc":{"start":{"line":32,"column":6},"end":{"line":32,"column":47}},"type":"binary-expr","locations":[{"start":{"line":32,"column":6},"end":{"line":32,"column":17}},{"start":{"line":32,"column":17},"end":{"line":32,"column":47}}],"line":32},"3":{"loc":{"start":{"line":44,"column":2},"end":{"line":48,"column":null}},"type":"if","locations":[{"start":{"line":44,"column":2},"end":{"line":48,"column":null}},{"start":{"line":46,"column":2},"end":{"line":48,"column":null}}],"line":44},"4":{"loc":{"start":{"line":46,"column":2},"end":{"line":48,"column":null}},"type":"if","locations":[{"start":{"line":46,"column":2},"end":{"line":48,"column":null}},{"start":{},"end":{}}],"line":46},"5":{"loc":{"start":{"line":67,"column":18},"end":{"line":81,"column":null}},"type":"cond-expr","locations":[{"start":{"line":67,"column":18},"end":{"line":75,"column":54}},{"start":{"line":75,"column":44},"end":{"line":81,"column":null}}],"line":67},"6":{"loc":{"start":{"line":71,"column":15},"end":{"line":71,"column":null}},"type":"binary-expr","locations":[{"start":{"line":71,"column":15},"end":{"line":71,"column":17}},{"start":{"line":71,"column":15},"end":{"line":71,"column":null}}],"line":71},"7":{"loc":{"start":{"line":73,"column":46},"end":{"line":73,"column":null}},"type":"cond-expr","locations":[{"start":{"line":73,"column":60},"end":{"line":73,"column":null}},{"start":{"line":73,"column":60},"end":{"line":73,"column":null}}],"line":73},"8":{"loc":{"start":{"line":80,"column":34},"end":{"line":81,"column":null}},"type":"binary-expr","locations":[{"start":{"line":80,"column":34},"end":{"line":80,"column":null}},{"start":{"line":80,"column":34},"end":{"line":81,"column":null}}],"line":80},"9":{"loc":{"start":{"line":106,"column":10},"end":{"line":98,"column":15}},"type":"cond-expr","locations":[{"start":{"line":92,"column":15},"end":{"line":98,"column":15}},{"start":{"line":98,"column":6},"end":{"line":98,"column":15}}],"line":106}},"s":{"0":11,"1":11,"2":11,"3":11,"4":11,"5":11,"6":4,"7":4,"8":4,"9":4,"10":4,"11":0,"12":11,"13":2,"14":2,"15":2,"16":2,"17":11,"18":1,"19":1,"20":11,"21":2,"22":1,"23":1,"24":1,"25":11,"26":1,"27":11,"28":0,"29":0,"30":11,"31":0,"32":1,"33":1,"34":21,"35":1,"36":2},"f":{"0":4,"1":4,"2":2,"3":1,"4":2,"5":1,"6":0,"7":0,"8":1,"9":2},"b":{"0":[0,4],"1":[2,0],"2":[2,2],"3":[1,1],"4":[1,0],"5":[15,6],"6":[15,11],"7":[2,13],"8":[6,4],"9":[15,6]},"meta":{"lastBranch":0,"lastFunction":0,"lastStatement":0,"seen":{}}}
,"/Users/pujanmaharjan/Desktop/NuxtVuePro/task-dashboard/composables/useTasks.ts": {"path":"/Users/pujanmaharjan/Desktop/NuxtVuePro/task-dashboard/composables/useTasks.ts","statementMap":{"0":{"start":{"line":8,"column":20},"end":{"line":8,"column":null}},"1":{"start":{"line":9,"column":20},"end":{"line":9,"column":null}},"2":{"start":{"line":12,"column":12},"end":{"line":12,"column":null}},"3":{"start":{"line":13,"column":13},"end":{"line":13,"column":null}},"4":{"start":{"line":16,"column":30},"end":{"line":23,"column":null}},"5":{"start":{"line":17,"column":2},"end":{"line":17,"column":null}},"6":{"start":{"line":18,"column":2},"end":{"line":18,"column":null}},"7":{"start":{"line":19,"column":2},"end":{"line":22,"column":null}},"8":{"start":{"line":20,"column":4},"end":{"line":20,"column":null}},"9":{"start":{"line":21,"column":4},"end":{"line":21,"column":null}},"10":{"start":{"line":26,"column":27},"end":{"line":39,"column":null}},"11":{"start":{"line":27,"column":2},"end":{"line":38,"column":null}},"12":{"start":{"line":28,"column":4},"end":{"line":37,"column":null}},"13":{"start":{"line":29,"column":26},"end":{"line":32,"column":null}},"14":{"start":{"line":29,"column":51},"end":{"line":32,"column":8}},"15":{"start":{"line":33,"column":6},"end":{"line":33,"column":null}},"16":{"start":{"line":34,"column":6},"end":{"line":34,"column":null}},"17":{"start":{"line":36,"column":6},"end":{"line":36,"column":null}},"18":{"start":{"line":42,"column":29},"end":{"line":71,"column":null}},"19":{"start":{"line":43,"column":2},"end":{"line":69,"column":null}},"20":{"start":{"line":44,"column":4},"end":{"line":68,"column":null}},"21":{"start":{"line":45,"column":25},"end":{"line":45,"column":null}},"22":{"start":{"line":46,"column":26},"end":{"line":46,"column":null}},"23":{"start":{"line":49,"column":6},"end":{"line":62,"column":null}},"24":{"start":{"line":50,"column":28},"end":{"line":50,"column":null}},"25":{"start":{"line":51,"column":8},"end":{"line":54,"column":null}},"26":{"start":{"line":51,"column":54},"end":{"line":54,"column":10}},"27":{"start":{"line":56,"column":8},"end":{"line":58,"column":null}},"28":{"start":{"line":57,"column":10},"end":{"line":57,"column":null}},"29":{"start":{"line":61,"column":8},"end":{"line":61,"column":null}},"30":{"start":{"line":64,"column":6},"end":{"line":64,"column":null}},"31":{"start":{"line":66,"column":6},"end":{"line":66,"column":null}},"32":{"start":{"line":67,"column":6},"end":{"line":67,"column":null}},"33":{"start":{"line":70,"column":2},"end":{"line":70,"column":null}},"34":{"start":{"line":73,"column":24},"end":{"line":179,"column":null}},"35":{"start":{"line":74,"column":18},"end":{"line":89,"column":null}},"36":{"start":{"line":75,"column":25},"end":{"line":75,"column":null}},"37":{"start":{"line":76,"column":4},"end":{"line":78,"column":null}},"38":{"start":{"line":77,"column":6},"end":{"line":77,"column":null}},"39":{"start":{"line":80,"column":4},"end":{"line":85,"column":null}},"40":{"start":{"line":87,"column":4},"end":{"line":87,"column":null}},"41":{"start":{"line":88,"column":4},"end":{"line":88,"column":null}},"42":{"start":{"line":91,"column":21},"end":{"line":97,"column":null}},"43":{"start":{"line":92,"column":17},"end":{"line":92,"column":null}},"44":{"start":{"line":92,"column":39},"end":{"line":92,"column":50}},"45":{"start":{"line":93,"column":4},"end":{"line":96,"column":null}},"46":{"start":{"line":94,"column":6},"end":{"line":94,"column":null}},"47":{"start":{"line":95,"column":6},"end":{"line":95,"column":null}},"48":{"start":{"line":99,"column":21},"end":{"line":105,"column":null}},"49":{"start":{"line":100,"column":18},"end":{"line":100,"column":null}},"50":{"start":{"line":100,"column":45},"end":{"line":100,"column":56}},"51":{"start":{"line":101,"column":4},"end":{"line":104,"column":null}},"52":{"start":{"line":102,"column":6},"end":{"line":102,"column":null}},"53":{"start":{"line":103,"column":6},"end":{"line":103,"column":null}},"54":{"start":{"line":107,"column":19},"end":{"line":120,"column":null}},"55":{"start":{"line":108,"column":25},"end":{"line":108,"column":null}},"56":{"start":{"line":109,"column":4},"end":{"line":111,"column":null}},"57":{"start":{"line":110,"column":6},"end":{"line":110,"column":null}},"58":{"start":{"line":113,"column":17},"end":{"line":113,"column":null}},"59":{"start":{"line":113,"column":39},"end":{"line":113,"column":50}},"60":{"start":{"line":114,"column":4},"end":{"line":118,"column":null}},"61":{"start":{"line":115,"column":6},"end":{"line":115,"column":null}},"62":{"start":{"line":116,"column":6},"end":{"line":116,"column":null}},"63":{"start":{"line":117,"column":6},"end":{"line":117,"column":null}},"64":{"start":{"line":119,"column":4},"end":{"line":119,"column":null}},"65":{"start":{"line":122,"column":25},"end":{"line":124,"column":null}},"66":{"start":{"line":123,"column":4},"end":{"line":123,"column":null}},"67":{"start":{"line":123,"column":28},"end":{"line":123,"column":39}},"68":{"start":{"line":126,"column":23},"end":{"line":128,"column":null}},"69":{"start":{"line":127,"column":4},"end":{"line":127,"column":null}},"70":{"start":{"line":127,"column":28},"end":{"line":127,"column":40}},"71":{"start":{"line":130,"column":21},"end":{"line":130,"column":null}},"72":{"start":{"line":130,"column":36},"end":{"line":130,"column":54}},"73":{"start":{"line":132,"column":31},"end":{"line":135,"column":null}},"74":{"start":{"line":133,"column":4},"end":{"line":133,"column":null}},"75":{"start":{"line":133,"column":32},"end":{"line":133,"column":null}},"76":{"start":{"line":134,"column":4},"end":{"line":134,"column":null}},"77":{"start":{"line":137,"column":27},"end":{"line":165,"column":null}},"78":{"start":{"line":139,"column":25},"end":{"line":139,"column":null}},"79":{"start":{"line":143,"column":4},"end":{"line":145,"column":null}},"80":{"start":{"line":144,"column":6},"end":{"line":144,"column":null}},"81":{"start":{"line":148,"column":4},"end":{"line":164,"column":null}},"82":{"start":{"line":149,"column":23},"end":{"line":149,"column":null}},"83":{"start":{"line":151,"column":6},"end":{"line":158,"column":null}},"84":{"start":{"line":152,"column":8},"end":{"line":157,"column":null}},"85":{"start":{"line":160,"column":6},"end":{"line":160,"column":null}},"86":{"start":{"line":162,"column":6},"end":{"line":162,"column":null}},"87":{"start":{"line":167,"column":2},"end":{"line":178,"column":null}}},"fnMap":{"0":{"name":"(anonymous_0)","decl":{"start":{"line":16,"column":30},"end":{"line":16,"column":36}},"loc":{"start":{"line":16,"column":36},"end":{"line":23,"column":null}},"line":16},"1":{"name":"(anonymous_1)","decl":{"start":{"line":26,"column":27},"end":{"line":26,"column":33}},"loc":{"start":{"line":26,"column":33},"end":{"line":39,"column":null}},"line":26},"2":{"name":"(anonymous_2)","decl":{"start":{"line":29,"column":42},"end":{"line":29,"column":51}},"loc":{"start":{"line":29,"column":51},"end":{"line":32,"column":8}},"line":29},"3":{"name":"(anonymous_3)","decl":{"start":{"line":42,"column":29},"end":{"line":42,"column":35}},"loc":{"start":{"line":42,"column":35},"end":{"line":71,"column":null}},"line":42},"4":{"name":"(anonymous_4)","decl":{"start":{"line":51,"column":38},"end":{"line":51,"column":39}},"loc":{"start":{"line":51,"column":54},"end":{"line":54,"column":10}},"line":51},"5":{"name":"(anonymous_5)","decl":{"start":{"line":73,"column":24},"end":{"line":73,"column":30}},"loc":{"start":{"line":73,"column":30},"end":{"line":179,"column":null}},"line":73},"6":{"name":"(anonymous_6)","decl":{"start":{"line":74,"column":18},"end":{"line":74,"column":19}},"loc":{"start":{"line":74,"column":37},"end":{"line":89,"column":null}},"line":74},"7":{"name":"(anonymous_7)","decl":{"start":{"line":91,"column":21},"end":{"line":91,"column":22}},"loc":{"start":{"line":91,"column":37},"end":{"line":97,"column":null}},"line":91},"8":{"name":"(anonymous_8)","decl":{"start":{"line":92,"column":34},"end":{"line":92,"column":39}},"loc":{"start":{"line":92,"column":39},"end":{"line":92,"column":50}},"line":92},"9":{"name":"(anonymous_9)","decl":{"start":{"line":99,"column":21},"end":{"line":99,"column":22}},"loc":{"start":{"line":99,"column":37},"end":{"line":105,"column":null}},"line":99},"10":{"name":"(anonymous_10)","decl":{"start":{"line":100,"column":40},"end":{"line":100,"column":45}},"loc":{"start":{"line":100,"column":45},"end":{"line":100,"column":56}},"line":100},"11":{"name":"(anonymous_11)","decl":{"start":{"line":107,"column":19},"end":{"line":107,"column":20}},"loc":{"start":{"line":107,"column":53},"end":{"line":120,"column":null}},"line":107},"12":{"name":"(anonymous_12)","decl":{"start":{"line":113,"column":34},"end":{"line":113,"column":39}},"loc":{"start":{"line":113,"column":39},"end":{"line":113,"column":50}},"line":113},"13":{"name":"(anonymous_13)","decl":{"start":{"line":122,"column":34},"end":{"line":122,"column":null}},"loc":{"start":{"line":123,"column":4},"end":{"line":123,"column":null}},"line":123},"14":{"name":"(anonymous_14)","decl":{"start":{"line":123,"column":23},"end":{"line":123,"column":28}},"loc":{"start":{"line":123,"column":28},"end":{"line":123,"column":39}},"line":123},"15":{"name":"(anonymous_15)","decl":{"start":{"line":126,"column":32},"end":{"line":126,"column":null}},"loc":{"start":{"line":127,"column":4},"end":{"line":127,"column":null}},"line":127},"16":{"name":"(anonymous_16)","decl":{"start":{"line":127,"column":23},"end":{"line":127,"column":28}},"loc":{"start":{"line":127,"column":28},"end":{"line":127,"column":40}},"line":127},"17":{"name":"(anonymous_17)","decl":{"start":{"line":130,"column":30},"end":{"line":130,"column":36}},"loc":{"start":{"line":130,"column":36},"end":{"line":130,"column":54}},"line":130},"18":{"name":"(anonymous_18)","decl":{"start":{"line":132,"column":40},"end":{"line":132,"column":46}},"loc":{"start":{"line":132,"column":46},"end":{"line":135,"column":3}},"line":132},"19":{"name":"(anonymous_19)","decl":{"start":{"line":137,"column":27},"end":{"line":137,"column":39}},"loc":{"start":{"line":137,"column":39},"end":{"line":165,"column":null}},"line":137},"20":{"name":"(anonymous_20)","decl":{"start":{"line":151,"column":23},"end":{"line":151,"column":24}},"loc":{"start":{"line":151,"column":33},"end":{"line":158,"column":7}},"line":151}},"branchMap":{"0":{"loc":{"start":{"line":19,"column":2},"end":{"line":22,"column":null}},"type":"if","locations":[{"start":{"line":19,"column":2},"end":{"line":22,"column":null}},{"start":{},"end":{}}],"line":19},"1":{"loc":{"start":{"line":27,"column":2},"end":{"line":38,"column":null}},"type":"if","locations":[{"start":{"line":27,"column":2},"end":{"line":38,"column":null}},{"start":{},"end":{}}],"line":27},"2":{"loc":{"start":{"line":43,"column":2},"end":{"line":69,"column":null}},"type":"if","locations":[{"start":{"line":43,"column":2},"end":{"line":69,"column":null}},{"start":{},"end":{}}],"line":43},"3":{"loc":{"start":{"line":49,"column":6},"end":{"line":62,"column":null}},"type":"if","locations":[{"start":{"line":49,"column":6},"end":{"line":62,"column":null}},{"start":{},"end":{}}],"line":49},"4":{"loc":{"start":{"line":56,"column":8},"end":{"line":58,"column":null}},"type":"if","locations":[{"start":{"line":56,"column":8},"end":{"line":58,"column":null}},{"start":{},"end":{}}],"line":56},"5":{"loc":{"start":{"line":76,"column":4},"end":{"line":78,"column":null}},"type":"if","locations":[{"start":{"line":76,"column":4},"end":{"line":78,"column":null}},{"start":{},"end":{}}],"line":76},"6":{"loc":{"start":{"line":93,"column":4},"end":{"line":96,"column":null}},"type":"if","locations":[{"start":{"line":93,"column":4},"end":{"line":96,"column":null}},{"start":{},"end":{}}],"line":93},"7":{"loc":{"start":{"line":101,"column":4},"end":{"line":104,"column":null}},"type":"if","locations":[{"start":{"line":101,"column":4},"end":{"line":104,"column":null}},{"start":{},"end":{}}],"line":101},"8":{"loc":{"start":{"line":109,"column":4},"end":{"line":111,"column":null}},"type":"if","locations":[{"start":{"line":109,"column":4},"end":{"line":111,"column":null}},{"start":{},"end":{}}],"line":109},"9":{"loc":{"start":{"line":114,"column":4},"end":{"line":118,"column":null}},"type":"if","locations":[{"start":{"line":114,"column":4},"end":{"line":118,"column":null}},{"start":{},"end":{}}],"line":114},"10":{"loc":{"start":{"line":133,"column":4},"end":{"line":133,"column":null}},"type":"if","locations":[{"start":{"line":133,"column":4},"end":{"line":133,"column":null}},{"start":{},"end":{}}],"line":133},"11":{"loc":{"start":{"line":143,"column":4},"end":{"line":145,"column":null}},"type":"if","locations":[{"start":{"line":143,"column":4},"end":{"line":145,"column":null}},{"start":{},"end":{}}],"line":143}},"s":{"0":2,"1":2,"2":2,"3":2,"4":2,"5":29,"6":29,"7":29,"8":29,"9":29,"10":2,"11":181,"12":181,"13":181,"14":5198,"15":181,"16":181,"17":0,"18":2,"19":6,"20":6,"21":6,"22":6,"23":6,"24":3,"25":3,"26":4,"27":3,"28":3,"29":3,"30":3,"31":0,"32":0,"33":0,"34":2,"35":32,"36":146,"37":146,"38":3,"39":143,"40":143,"41":143,"42":32,"43":28,"44":39,"45":28,"46":27,"47":27,"48":32,"49":7,"50":9,"51":7,"52":6,"53":6,"54":32,"55":7,"56":7,"57":3,"58":4,"59":4,"60":4,"61":3,"62":3,"63":3,"64":1,"65":32,"66":13,"67":38,"68":32,"69":9,"70":29,"71":32,"72":6,"73":32,"74":7,"75":1,"76":6,"77":32,"78":6,"79":6,"80":3,"81":3,"82":3,"83":2,"84":5,"85":2,"86":1,"87":32},"f":{"0":29,"1":181,"2":5198,"3":6,"4":4,"5":32,"6":146,"7":28,"8":39,"9":7,"10":9,"11":7,"12":4,"13":13,"14":38,"15":9,"16":29,"17":6,"18":7,"19":6,"20":5},"b":{"0":[29,0],"1":[181,0],"2":[6,0],"3":[3,3],"4":[3,0],"5":[3,143],"6":[27,1],"7":[6,1],"8":[3,4],"9":[3,1],"10":[1,6],"11":[3,3]},"meta":{"lastBranch":12,"lastFunction":21,"lastStatement":88,"seen":{"s:8:20:8:Infinity":0,"s:9:20:9:Infinity":1,"s:12:12:12:Infinity":2,"s:13:13:13:Infinity":3,"s:16:30:23:Infinity":4,"f:16:30:16:36":0,"s:17:2:17:Infinity":5,"s:18:2:18:Infinity":6,"b:19:2:22:Infinity:undefined:undefined:undefined:undefined":0,"s:19:2:22:Infinity":7,"s:20:4:20:Infinity":8,"s:21:4:21:Infinity":9,"s:26:27:39:Infinity":10,"f:26:27:26:33":1,"b:27:2:38:Infinity:undefined:undefined:undefined:undefined":1,"s:27:2:38:Infinity":11,"s:28:4:37:Infinity":12,"s:29:26:32:Infinity":13,"f:29:42:29:51":2,"s:29:51:32:8":14,"s:33:6:33:Infinity":15,"s:34:6:34:Infinity":16,"s:36:6:36:Infinity":17,"s:42:29:71:Infinity":18,"f:42:29:42:35":3,"b:43:2:69:Infinity:undefined:undefined:undefined:undefined":2,"s:43:2:69:Infinity":19,"s:44:4:68:Infinity":20,"s:45:25:45:Infinity":21,"s:46:26:46:Infinity":22,"b:49:6:62:Infinity:undefined:undefined:undefined:undefined":3,"s:49:6:62:Infinity":23,"s:50:28:50:Infinity":24,"s:51:8:54:Infinity":25,"f:51:38:51:39":4,"s:51:54:54:10":26,"b:56:8:58:Infinity:undefined:undefined:undefined:undefined":4,"s:56:8:58:Infinity":27,"s:57:10:57:Infinity":28,"s:61:8:61:Infinity":29,"s:64:6:64:Infinity":30,"s:66:6:66:Infinity":31,"s:67:6:67:Infinity":32,"s:70:2:70:Infinity":33,"s:73:24:179:Infinity":34,"f:73:24:73:30":5,"s:74:18:89:Infinity":35,"f:74:18:74:19":6,"s:75:25:75:Infinity":36,"b:76:4:78:Infinity:undefined:undefined:undefined:undefined":5,"s:76:4:78:Infinity":37,"s:77:6:77:Infinity":38,"s:80:4:85:Infinity":39,"s:87:4:87:Infinity":40,"s:88:4:88:Infinity":41,"s:91:21:97:Infinity":42,"f:91:21:91:22":7,"s:92:17:92:Infinity":43,"f:92:34:92:39":8,"s:92:39:92:50":44,"b:93:4:96:Infinity:undefined:undefined:undefined:undefined":6,"s:93:4:96:Infinity":45,"s:94:6:94:Infinity":46,"s:95:6:95:Infinity":47,"s:99:21:105:Infinity":48,"f:99:21:99:22":9,"s:100:18:100:Infinity":49,"f:100:40:100:45":10,"s:100:45:100:56":50,"b:101:4:104:Infinity:undefined:undefined:undefined:undefined":7,"s:101:4:104:Infinity":51,"s:102:6:102:Infinity":52,"s:103:6:103:Infinity":53,"s:107:19:120:Infinity":54,"f:107:19:107:20":11,"s:108:25:108:Infinity":55,"b:109:4:111:Infinity:undefined:undefined:undefined:undefined":8,"s:109:4:111:Infinity":56,"s:110:6:110:Infinity":57,"s:113:17:113:Infinity":58,"f:113:34:113:39":12,"s:113:39:113:50":59,"b:114:4:118:Infinity:undefined:undefined:undefined:undefined":9,"s:114:4:118:Infinity":60,"s:115:6:115:Infinity":61,"s:116:6:116:Infinity":62,"s:117:6:117:Infinity":63,"s:119:4:119:Infinity":64,"s:122:25:124:Infinity":65,"f:122:34:122:Infinity":13,"s:123:4:123:Infinity":66,"f:123:23:123:28":14,"s:123:28:123:39":67,"s:126:23:128:Infinity":68,"f:126:32:126:Infinity":15,"s:127:4:127:Infinity":69,"f:127:23:127:28":16,"s:127:28:127:40":70,"s:130:21:130:Infinity":71,"f:130:30:130:36":17,"s:130:36:130:54":72,"s:132:31:135:Infinity":73,"f:132:40:132:46":18,"b:133:4:133:Infinity:undefined:undefined:undefined:undefined":10,"s:133:4:133:Infinity":74,"s:133:32:133:Infinity":75,"s:134:4:134:Infinity":76,"s:137:27:165:Infinity":77,"f:137:27:137:39":19,"s:139:25:139:Infinity":78,"b:143:4:145:Infinity:undefined:undefined:undefined:undefined":11,"s:143:4:145:Infinity":79,"s:144:6:144:Infinity":80,"s:148:4:164:Infinity":81,"s:149:23:149:Infinity":82,"s:151:6:158:Infinity":83,"f:151:23:151:24":20,"s:152:8:157:Infinity":84,"s:160:6:160:Infinity":85,"s:162:6:162:Infinity":86,"s:167:2:178:Infinity":87}}}
}
